[Config] task=SIF train_csv=filtered_csv/Train_sif.csv test_csv=filtered_csv/Test_sif.csv time_col=SIF_minutes threshold=270
[Data] task=SIF split=train source=filtered_csv/Train_sif.csv processed=outputs/processed_supervised_csv/sif_train_threshold_270.csv time_col=SIF_minutes threshold=270 total=398 pos=148 neg=250
[Data] task=SIF split=test source=filtered_csv/Test_sif.csv processed=outputs/processed_supervised_csv/sif_test_threshold_270.csv time_col=SIF_minutes threshold=270 total=117 pos=31 neg=86
run 0 epoch 000 train_loss 0.6613 valid_acc 0.7436 valid_auprc 0.3913 valid_f1 0.0000
run 0 epoch 001 train_loss 0.6420 valid_acc 0.7436 valid_auprc 0.3931 valid_f1 0.0000
run 0 epoch 002 train_loss 0.6342 valid_acc 0.7436 valid_auprc 0.4540 valid_f1 0.0000
run 0 epoch 003 train_loss 0.6257 valid_acc 0.7436 valid_auprc 0.4561 valid_f1 0.0000
run 0 epoch 004 train_loss 0.6309 valid_acc 0.7436 valid_auprc 0.4889 valid_f1 0.0000
run 0 epoch 005 train_loss 0.5842 valid_acc 0.6667 valid_auprc 0.4714 valid_f1 0.6061
run 0 epoch 006 train_loss 0.5495 valid_acc 0.6667 valid_auprc 0.4691 valid_f1 0.6061
run 0 epoch 007 train_loss 0.5140 valid_acc 0.6667 valid_auprc 0.4751 valid_f1 0.6061
run 0 epoch 008 train_loss 0.4740 valid_acc 0.6667 valid_auprc 0.4612 valid_f1 0.5185
run 0 epoch 009 train_loss 0.4927 valid_acc 0.6667 valid_auprc 0.4907 valid_f1 0.6061
run 0 epoch 010 train_loss 0.4644 valid_acc 0.6923 valid_auprc 0.4918 valid_f1 0.6250
run 0 epoch 011 train_loss 0.4500 valid_acc 0.6923 valid_auprc 0.4595 valid_f1 0.6000
run 0 epoch 012 train_loss 0.4406 valid_acc 0.7179 valid_auprc 0.4805 valid_f1 0.6452
run 0 epoch 013 train_loss 0.4152 valid_acc 0.6923 valid_auprc 0.4716 valid_f1 0.3333
run 0 epoch 014 train_loss 0.4942 valid_acc 0.6923 valid_auprc 0.4767 valid_f1 0.6250
run 0 epoch 015 train_loss 0.4370 valid_acc 0.6923 valid_auprc 0.4807 valid_f1 0.5714
run 0 epoch 016 train_loss 0.4339 valid_acc 0.6923 valid_auprc 0.4866 valid_f1 0.6250
run 0 epoch 017 train_loss 0.4414 valid_acc 0.6923 valid_auprc 0.4958 valid_f1 0.5714
run 0 epoch 018 train_loss 0.4271 valid_acc 0.6923 valid_auprc 0.4814 valid_f1 0.6250
run 0 epoch 019 train_loss 0.4384 valid_acc 0.6923 valid_auprc 0.4483 valid_f1 0.3333
run 0 test acc 0.8376 auprc 0.8189 f1 0.7467 precision 0.6364 recall 0.9032
[Data] task=SIF split=train source=filtered_csv/Train_sif.csv processed=outputs/processed_supervised_csv/sif_train_threshold_270.csv time_col=SIF_minutes threshold=270 total=398 pos=148 neg=250
[Data] task=SIF split=test source=filtered_csv/Test_sif.csv processed=outputs/processed_supervised_csv/sif_test_threshold_270.csv time_col=SIF_minutes threshold=270 total=117 pos=31 neg=86
run 1 epoch 000 train_loss 0.6666 valid_acc 0.8205 valid_auprc 0.5196 valid_f1 0.0000
run 1 epoch 001 train_loss 0.6635 valid_acc 0.8205 valid_auprc 0.4462 valid_f1 0.0000
run 1 epoch 002 train_loss 0.6528 valid_acc 0.8205 valid_auprc 0.4891 valid_f1 0.0000
run 1 epoch 003 train_loss 0.6417 valid_acc 0.8205 valid_auprc 0.5469 valid_f1 0.0000
run 1 epoch 004 train_loss 0.6285 valid_acc 0.8205 valid_auprc 0.5999 valid_f1 0.0000
run 1 epoch 005 train_loss 0.6010 valid_acc 0.8205 valid_auprc 0.7345 valid_f1 0.0000
run 1 epoch 006 train_loss 0.5289 valid_acc 0.8718 valid_auprc 0.7290 valid_f1 0.6154
run 1 epoch 007 train_loss 0.4968 valid_acc 0.6667 valid_auprc 0.7975 valid_f1 0.5185
run 1 epoch 008 train_loss 0.4726 valid_acc 0.6667 valid_auprc 0.8064 valid_f1 0.5185
run 1 epoch 009 train_loss 0.5699 valid_acc 0.7179 valid_auprc 0.7624 valid_f1 0.5217
run 1 epoch 010 train_loss 0.4764 valid_acc 0.8205 valid_auprc 0.7518 valid_f1 0.5882
run 1 epoch 011 train_loss 0.4714 valid_acc 0.6667 valid_auprc 0.7832 valid_f1 0.5185
run 1 epoch 012 train_loss 0.4685 valid_acc 0.7179 valid_auprc 0.7179 valid_f1 0.5217
run 1 epoch 013 train_loss 0.4491 valid_acc 0.7436 valid_auprc 0.7448 valid_f1 0.5455
run 1 epoch 014 train_loss 0.4379 valid_acc 0.7179 valid_auprc 0.7536 valid_f1 0.5217
run 1 epoch 015 train_loss 0.4403 valid_acc 0.7179 valid_auprc 0.7165 valid_f1 0.5217
run 1 epoch 016 train_loss 0.4326 valid_acc 0.8462 valid_auprc 0.5743 valid_f1 0.6250
run 1 epoch 017 train_loss 0.4412 valid_acc 0.7436 valid_auprc 0.7124 valid_f1 0.5455
run 1 epoch 018 train_loss 0.4404 valid_acc 0.7179 valid_auprc 0.7212 valid_f1 0.5217
run 1 epoch 019 train_loss 0.4382 valid_acc 0.7179 valid_auprc 0.7165 valid_f1 0.5217
run 1 test acc 0.8462 auprc 0.8137 f1 0.7097 precision 0.7097 recall 0.7097
[Data] task=SIF split=train source=filtered_csv/Train_sif.csv processed=outputs/processed_supervised_csv/sif_train_threshold_270.csv time_col=SIF_minutes threshold=270 total=398 pos=148 neg=250
[Data] task=SIF split=test source=filtered_csv/Test_sif.csv processed=outputs/processed_supervised_csv/sif_test_threshold_270.csv time_col=SIF_minutes threshold=270 total=117 pos=31 neg=86
run 2 epoch 000 train_loss 0.6552 valid_acc 0.6923 valid_auprc 0.4279 valid_f1 0.0000
run 2 epoch 001 train_loss 0.6502 valid_acc 0.6923 valid_auprc 0.4209 valid_f1 0.0000
run 2 epoch 002 train_loss 0.6357 valid_acc 0.6923 valid_auprc 0.4342 valid_f1 0.0000
run 2 epoch 003 train_loss 0.6256 valid_acc 0.6923 valid_auprc 0.5561 valid_f1 0.0000
run 2 epoch 004 train_loss 0.6121 valid_acc 0.6923 valid_auprc 0.6670 valid_f1 0.0000
run 2 epoch 005 train_loss 0.5811 valid_acc 0.8462 valid_auprc 0.7116 valid_f1 0.7857
run 2 epoch 006 train_loss 0.5290 valid_acc 0.8205 valid_auprc 0.7238 valid_f1 0.7742
run 2 epoch 007 train_loss 0.4768 valid_acc 0.7436 valid_auprc 0.7154 valid_f1 0.2857
run 2 epoch 008 train_loss 0.5103 valid_acc 0.8205 valid_auprc 0.7291 valid_f1 0.7742
run 2 epoch 009 train_loss 0.4843 valid_acc 0.7692 valid_auprc 0.7281 valid_f1 0.6087
run 2 epoch 010 train_loss 0.4597 valid_acc 0.8205 valid_auprc 0.7272 valid_f1 0.7407
run 2 epoch 011 train_loss 0.4731 valid_acc 0.8205 valid_auprc 0.7219 valid_f1 0.7742
run 2 epoch 012 train_loss 0.4559 valid_acc 0.8205 valid_auprc 0.7176 valid_f1 0.7742
run 2 epoch 013 train_loss 0.4536 valid_acc 0.8205 valid_auprc 0.7190 valid_f1 0.7742
run 2 epoch 014 train_loss 0.4468 valid_acc 0.8462 valid_auprc 0.7120 valid_f1 0.8000
run 2 epoch 015 train_loss 0.4618 valid_acc 0.7949 valid_auprc 0.7303 valid_f1 0.7500
run 2 epoch 016 train_loss 0.4378 valid_acc 0.7436 valid_auprc 0.7067 valid_f1 0.5833
run 2 epoch 017 train_loss 0.4477 valid_acc 0.8205 valid_auprc 0.7190 valid_f1 0.7742
run 2 epoch 018 train_loss 0.4388 valid_acc 0.8205 valid_auprc 0.7134 valid_f1 0.7742
run 2 epoch 019 train_loss 0.4375 valid_acc 0.8205 valid_auprc 0.7110 valid_f1 0.7742
run 2 test acc 0.8632 auprc 0.8342 f1 0.7576 precision 0.7143 recall 0.8065
[Data] task=SIF split=train source=filtered_csv/Train_sif.csv processed=outputs/processed_supervised_csv/sif_train_threshold_270.csv time_col=SIF_minutes threshold=270 total=398 pos=148 neg=250
[Data] task=SIF split=test source=filtered_csv/Test_sif.csv processed=outputs/processed_supervised_csv/sif_test_threshold_270.csv time_col=SIF_minutes threshold=270 total=117 pos=31 neg=86
run 3 epoch 000 train_loss 0.6386 valid_acc 0.4872 valid_auprc 0.7045 valid_f1 0.0000
run 3 epoch 001 train_loss 0.6403 valid_acc 0.4872 valid_auprc 0.6979 valid_f1 0.0000
run 3 epoch 002 train_loss 0.6319 valid_acc 0.4872 valid_auprc 0.6979 valid_f1 0.0000
run 3 epoch 003 train_loss 0.6213 valid_acc 0.4872 valid_auprc 0.6942 valid_f1 0.0000
run 3 epoch 004 train_loss 0.6061 valid_acc 0.4872 valid_auprc 0.7911 valid_f1 0.0000
run 3 epoch 005 train_loss 0.5910 valid_acc 0.4872 valid_auprc 0.7593 valid_f1 0.0000
run 3 epoch 006 train_loss 0.5483 valid_acc 0.7692 valid_auprc 0.8068 valid_f1 0.8000
run 3 epoch 007 train_loss 0.4889 valid_acc 0.7692 valid_auprc 0.8042 valid_f1 0.8000
run 3 epoch 008 train_loss 0.4849 valid_acc 0.7692 valid_auprc 0.8207 valid_f1 0.8000
run 3 epoch 009 train_loss 0.4505 valid_acc 0.7692 valid_auprc 0.8454 valid_f1 0.8000
run 3 epoch 010 train_loss 0.4390 valid_acc 0.7949 valid_auprc 0.8368 valid_f1 0.8182
run 3 epoch 011 train_loss 0.4438 valid_acc 0.7436 valid_auprc 0.8663 valid_f1 0.7222
run 3 epoch 012 train_loss 0.4356 valid_acc 0.7949 valid_auprc 0.8677 valid_f1 0.8000
run 3 epoch 013 train_loss 0.4375 valid_acc 0.7179 valid_auprc 0.8501 valid_f1 0.7027
run 3 epoch 014 train_loss 0.4842 valid_acc 0.7692 valid_auprc 0.7804 valid_f1 0.8000
run 3 epoch 015 train_loss 0.4630 valid_acc 0.7949 valid_auprc 0.8319 valid_f1 0.8182
run 3 epoch 016 train_loss 0.4375 valid_acc 0.7949 valid_auprc 0.7951 valid_f1 0.8182
run 3 epoch 017 train_loss 0.4268 valid_acc 0.7692 valid_auprc 0.8447 valid_f1 0.7907
run 3 epoch 018 train_loss 0.4326 valid_acc 0.7949 valid_auprc 0.8271 valid_f1 0.8182
run 3 epoch 019 train_loss 0.4200 valid_acc 0.7692 valid_auprc 0.8478 valid_f1 0.7805
run 3 test acc 0.8632 auprc 0.8289 f1 0.7778 precision 0.6829 recall 0.9032
[Data] task=SIF split=train source=filtered_csv/Train_sif.csv processed=outputs/processed_supervised_csv/sif_train_threshold_270.csv time_col=SIF_minutes threshold=270 total=398 pos=148 neg=250
[Data] task=SIF split=test source=filtered_csv/Test_sif.csv processed=outputs/processed_supervised_csv/sif_test_threshold_270.csv time_col=SIF_minutes threshold=270 total=117 pos=31 neg=86
run 4 epoch 000 train_loss 0.6661 valid_acc 0.6923 valid_auprc 0.3752 valid_f1 0.0000
run 4 epoch 001 train_loss 0.6414 valid_acc 0.6923 valid_auprc 0.3882 valid_f1 0.0000
run 4 epoch 002 train_loss 0.6429 valid_acc 0.6923 valid_auprc 0.3903 valid_f1 0.0000
run 4 epoch 003 train_loss 0.6233 valid_acc 0.6923 valid_auprc 0.3835 valid_f1 0.0000
run 4 epoch 004 train_loss 0.6161 valid_acc 0.6923 valid_auprc 0.3825 valid_f1 0.0000
run 4 epoch 005 train_loss 0.5856 valid_acc 0.6667 valid_auprc 0.4061 valid_f1 0.6486
run 4 epoch 006 train_loss 0.5140 valid_acc 0.5897 valid_auprc 0.4615 valid_f1 0.6000
run 4 epoch 007 train_loss 0.5039 valid_acc 0.5897 valid_auprc 0.4379 valid_f1 0.6000
run 4 epoch 008 train_loss 0.4563 valid_acc 0.6154 valid_auprc 0.4255 valid_f1 0.5714
run 4 epoch 009 train_loss 0.4519 valid_acc 0.6154 valid_auprc 0.4340 valid_f1 0.6154
run 4 epoch 010 train_loss 0.4489 valid_acc 0.6154 valid_auprc 0.4133 valid_f1 0.5714
run 4 epoch 011 train_loss 0.4433 valid_acc 0.6154 valid_auprc 0.4522 valid_f1 0.6154
run 4 epoch 012 train_loss 0.4364 valid_acc 0.6410 valid_auprc 0.4456 valid_f1 0.6316
run 4 epoch 013 train_loss 0.4273 valid_acc 0.6154 valid_auprc 0.4376 valid_f1 0.5714
run 4 epoch 014 train_loss 0.4472 valid_acc 0.6154 valid_auprc 0.4395 valid_f1 0.5714
run 4 epoch 015 train_loss 0.4399 valid_acc 0.6154 valid_auprc 0.4630 valid_f1 0.6154
run 4 epoch 016 train_loss 0.4333 valid_acc 0.6410 valid_auprc 0.4899 valid_f1 0.6316
run 4 epoch 017 train_loss 0.4217 valid_acc 0.7179 valid_auprc 0.5150 valid_f1 0.3529
run 4 epoch 018 train_loss 0.4248 valid_acc 0.6154 valid_auprc 0.4626 valid_f1 0.6154
run 4 epoch 019 train_loss 0.4058 valid_acc 0.6410 valid_auprc 0.4306 valid_f1 0.5625
run 4 test acc 0.8547 auprc 0.7756 f1 0.7671 precision 0.6667 recall 0.9032

Average over 5 runs:
acc: 0.8530 +/- 0.0100
auprc: 0.8142 +/- 0.0206
f1: 0.7518 +/- 0.0234
precision: 0.6820 +/- 0.0287
recall: 0.8452 +/- 0.0774

Unfound fragments: 18
unfound_fragment C1CCOCC1
unfound_fragment CC(C)F
unfound_fragment CCC(C(=O)O)C(=O)O
unfound_fragment CCCCC1=CCC=CC=C1
unfound_fragment CCCCCCCCCCC
unfound_fragment CCCCCCN
unfound_fragment CCCCN=C(N)N
unfound_fragment COC
unfound_fragment Cc1cc(C)cc(O)c1
unfound_fragment Cc1ccc2[nH]ccc2c1
unfound_fragment Cc1cccc2[nH]ccc12
unfound_fragment Cc1cccc2cc[nH]c12
unfound_fragment Cc1cnc[nH]1
unfound_fragment Clc1cccc(Cl)c1
unfound_fragment Clc1ccccc1Cl
unfound_fragment N#Cc1ccccc1
unfound_fragment SCS
unfound_fragment c1ccc2c(c1)CCC2
